2022.03.02 19:52:24 INFO  tracing is disabled for protocol LSP, to enable tracing of incoming and outgoing JSON messages create an empty file at /Users/kostas/Library/CloudStorage/OneDrive-Personal/Scala/todo/.metals/lsp.trace.json or /Users/kostas/Library/Caches/org.scalameta.metals/lsp.trace.json
2022.03.02 19:52:25 INFO  logging to file /Users/kostas/Library/CloudStorage/OneDrive-Personal/Scala/todo/.metals/metals.log
2022.03.02 19:52:25 INFO  Started: Metals version 0.11.1 in workspace '/Users/kostas/Library/CloudStorage/OneDrive-Personal/Scala/todo' for client Visual Studio Code 1.64.2.
2022.03.02 19:52:25 INFO  Parse release: 1.8.0_292
2022.03.02 19:52:27 INFO  time: initialize in 1.68s
2022.03.02 19:52:27 WARN  Build server is not auto-connectable.
2022.03.02 19:52:31 INFO  running '/Users/kostas/Library/Caches/Coursier/arc/https/github.com/AdoptOpenJDK/openjdk8-binaries/releases/download/jdk8u292-b10/OpenJDK8U-jdk_x64_mac_hotspot_8u292b10.tar.gz/jdk8u292-b10/Contents/Home/bin/java -Djline.terminal=jline.UnsupportedTerminal -Dsbt.log.noformat=true -Dfile.encoding=UTF-8 -jar /var/folders/3k/zp1jhn5x4t7cx84fblxgbdvc0000gn/T/metals8417231228030058528/sbt-launch.jar -Dbloop.export-jar-classifiers=sources bloopInstall'
2022.03.02 19:52:32 WARN  no build target for: /Users/kostas/Library/CloudStorage/OneDrive-Personal/Scala/todo/project/metals.sbt
2022.03.02 19:52:32 WARN  no build target for: /Users/kostas/Library/CloudStorage/OneDrive-Personal/Scala/todo/project/project/metals.sbt
2022.03.02 19:52:32 WARN  no build target for: /Users/kostas/Library/CloudStorage/OneDrive-Personal/Scala/todo/project/metals.sbt
2022.03.02 19:52:32 WARN  no build target for: /Users/kostas/Library/CloudStorage/OneDrive-Personal/Scala/todo/project/project/metals.sbt
2022.03.02 19:52:32 WARN  no build target for: /Users/kostas/Library/CloudStorage/OneDrive-Personal/Scala/todo/project/project/metals.sbt
2022.03.02 19:52:32 INFO  skipping build import with status 'Started'
2022.03.02 19:52:34 INFO  [info] welcome to sbt 1.5.3 (AdoptOpenJDK Java 1.8.0_292)
2022.03.02 19:52:36 INFO  no build target found for /Users/kostas/Library/CloudStorage/OneDrive-Personal/Scala/todo/project/metals.sbt. Using presentation compiler with project's scala-library version: 3.1.0
2022.03.02 19:52:40 INFO  [info] loading settings for project todo-build-build-build from metals.sbt ...
2022.03.02 19:52:47 INFO  [info] loading project definition from /Users/kostas/Library/CloudStorage/OneDrive-Personal/Scala/todo/project/project/project
2022.03.02 19:52:53 INFO  [info] loading settings for project todo-build-build from metals.sbt ...
2022.03.02 19:52:53 INFO  [info] loading project definition from /Users/kostas/Library/CloudStorage/OneDrive-Personal/Scala/todo/project/project
2022.03.02 19:53:00 INFO  [success] Generated .bloop/todo-build-build.json
2022.03.02 19:53:00 INFO  [success] Total time: 7 s, completed 02-Mar-2022 19:53:01
2022.03.02 19:53:04 INFO  [info] loading settings for project todo-build from buildSettings.sbt,metals.sbt,plugins.sbt ...
2022.03.02 19:53:04 INFO  [info] loading project definition from /Users/kostas/Library/CloudStorage/OneDrive-Personal/Scala/todo/project
2022.03.02 19:53:08 INFO  [success] Generated .bloop/todo-build.json
2022.03.02 19:53:08 INFO  [info] compiling 2 Scala sources to /Users/kostas/Library/CloudStorage/OneDrive-Personal/Scala/todo/project/target/scala-2.12/sbt-1.0/classes ...
2022.03.02 19:53:23 INFO  [info] done compiling
2022.03.02 19:53:23 INFO  [success] Total time: 19 s, completed 02-Mar-2022 19:53:24
2022.03.02 19:53:30 INFO  [info] loading settings for project todo from assignment.sbt,build.sbt ...
2022.03.02 19:53:36 INFO  [info] set current project to effective-scala-todo (in build file:/Users/kostas/Library/CloudStorage/OneDrive-Personal/Scala/todo/)
2022.03.02 19:53:44 INFO  [success] Generated .bloop/todo-test.json
2022.03.02 19:53:44 INFO  [success] Generated .bloop/todo.json
2022.03.02 19:53:44 INFO  [success] Total time: 8 s, completed 02-Mar-2022 19:53:44
2022.03.02 19:53:44 INFO  time: ran 'sbt bloopInstall' in 1m13s
2022.03.02 19:53:44 INFO  Attempting to connect to the build server...
2022.03.02 19:53:44 INFO  tracing is disabled for protocol BSP, to enable tracing of incoming and outgoing JSON messages create an empty file at /Users/kostas/Library/CloudStorage/OneDrive-Personal/Scala/todo/.metals/bsp.trace.json or /Users/kostas/Library/Caches/org.scalameta.metals/bsp.trace.json
2022.03.02 19:53:44 INFO  Attempting to connect to the build server...
2022.03.02 19:53:44 INFO  Attempting to connect to the build server...
2022.03.02 19:53:45 INFO  tracing is disabled for protocol BSP, to enable tracing of incoming and outgoing JSON messages create an empty file at /Users/kostas/Library/CloudStorage/OneDrive-Personal/Scala/todo/project/project/.metals/bsp.trace.json or /Users/kostas/Library/Caches/org.scalameta.metals/bsp.trace.json
2022.03.02 19:53:44 INFO  tracing is disabled for protocol BSP, to enable tracing of incoming and outgoing JSON messages create an empty file at /Users/kostas/Library/CloudStorage/OneDrive-Personal/Scala/todo/project/.metals/bsp.trace.json or /Users/kostas/Library/Caches/org.scalameta.metals/bsp.trace.json
2022.03.02 19:53:44 INFO  time: Connected to build server in 0.62s
2022.03.02 19:53:44 INFO  Connected to Build server: Bloop v1.4.12
2022.03.02 19:53:45 INFO  time: Imported build in 0.34s
2022.03.02 19:53:58 INFO  time: indexed workspace in 12s
2022.03.02 19:54:51 INFO  compiling todo (15 scala sources)
2022.03.02 19:54:59 INFO  time: compiled todo in 8.51s
2022.03.02 19:55:36 INFO  shutting down Metals
2022.03.02 19:55:36 INFO  Shut down connection with build server.
2022.03.02 19:55:36 INFO  Shut down connection with build server.
2022.03.02 19:55:36 INFO  Shut down connection with build server.
2022.03.03 08:59:26 INFO  tracing is disabled for protocol LSP, to enable tracing of incoming and outgoing JSON messages create an empty file at /Users/kostas/Library/CloudStorage/OneDrive-Personal/Scala/todo/.metals/lsp.trace.json or /Users/kostas/Library/Caches/org.scalameta.metals/lsp.trace.json
2022.03.03 08:59:26 INFO  logging to file /Users/kostas/Library/CloudStorage/OneDrive-Personal/Scala/todo/.metals/metals.log
2022.03.03 08:59:26 INFO  Started: Metals version 0.11.1 in workspace '/Users/kostas/Library/CloudStorage/OneDrive-Personal/Scala/todo' for client Visual Studio Code 1.64.2.
2022.03.03 08:59:26 INFO  Parse release: 1.8.0_292
2022.03.03 08:59:28 INFO  time: initialize in 1.51s
2022.03.03 08:59:29 INFO  Attempting to connect to the build server...
2022.03.03 08:59:30 INFO  skipping build import with status 'Installed'
2022.03.03 08:59:30 INFO  tracing is disabled for protocol BSP, to enable tracing of incoming and outgoing JSON messages create an empty file at /Users/kostas/Library/CloudStorage/OneDrive-Personal/Scala/todo/.metals/bsp.trace.json or /Users/kostas/Library/Caches/org.scalameta.metals/bsp.trace.json
2022.03.03 08:59:30 INFO  Attempting to connect to the build server...
2022.03.03 08:59:30 INFO  Attempting to connect to the build server...
2022.03.03 08:59:30 INFO  tracing is disabled for protocol BSP, to enable tracing of incoming and outgoing JSON messages create an empty file at /Users/kostas/Library/CloudStorage/OneDrive-Personal/Scala/todo/project/project/.metals/bsp.trace.json or /Users/kostas/Library/Caches/org.scalameta.metals/bsp.trace.json
2022.03.03 08:59:30 INFO  tracing is disabled for protocol BSP, to enable tracing of incoming and outgoing JSON messages create an empty file at /Users/kostas/Library/CloudStorage/OneDrive-Personal/Scala/todo/project/.metals/bsp.trace.json or /Users/kostas/Library/Caches/org.scalameta.metals/bsp.trace.json
2022.03.03 08:59:30 INFO  time: Connected to build server in 1.37s
2022.03.03 08:59:30 INFO  Connected to Build server: Bloop v1.4.12
2022.03.03 08:59:30 INFO  time: Imported build in 0.34s
Mar 03, 2022 8:59:31 AM org.eclipse.lsp4j.jsonrpc.RemoteEndpoint handleCancellation
WARNING: Unmatched cancel notification for request id 1
2022.03.03 08:59:43 INFO  time: indexed workspace in 12s
2022.03.03 08:59:44 INFO  compiling todo (15 scala sources)
2022.03.03 08:59:53 INFO  time: compiled todo in 9.75s
2022.03.03 08:59:53 INFO  compiling todo (15 scala sources)
2022.03.03 08:59:59 INFO  time: compiled todo in 5.11s
2022.03.03 09:48:51 INFO  shutting down Metals
2022.03.03 09:48:51 INFO  Shut down connection with build server.
2022.03.03 09:48:51 INFO  Shut down connection with build server.
2022.03.03 09:48:51 INFO  Shut down connection with build server.
2022.03.03 10:08:50 INFO  tracing is disabled for protocol LSP, to enable tracing of incoming and outgoing JSON messages create an empty file at /Users/kostas/Library/CloudStorage/OneDrive-Personal/Scala/todo/.metals/lsp.trace.json or /Users/kostas/Library/Caches/org.scalameta.metals/lsp.trace.json
2022.03.03 10:08:51 INFO  logging to file /Users/kostas/Library/CloudStorage/OneDrive-Personal/Scala/todo/.metals/metals.log
2022.03.03 10:08:51 INFO  Started: Metals version 0.11.1 in workspace '/Users/kostas/Library/CloudStorage/OneDrive-Personal/Scala/todo' for client Visual Studio Code 1.64.2.
2022.03.03 10:08:51 INFO  Parse release: 1.8.0_292
2022.03.03 10:08:52 INFO  time: initialize in 1.51s
2022.03.03 10:08:53 INFO  Attempting to connect to the build server...
2022.03.03 10:08:54 INFO  skipping build import with status 'Installed'
2022.03.03 10:08:54 INFO  tracing is disabled for protocol BSP, to enable tracing of incoming and outgoing JSON messages create an empty file at /Users/kostas/Library/CloudStorage/OneDrive-Personal/Scala/todo/.metals/bsp.trace.json or /Users/kostas/Library/Caches/org.scalameta.metals/bsp.trace.json
2022.03.03 10:08:54 INFO  Attempting to connect to the build server...
2022.03.03 10:08:54 INFO  Attempting to connect to the build server...
2022.03.03 10:08:54 INFO  tracing is disabled for protocol BSP, to enable tracing of incoming and outgoing JSON messages create an empty file at /Users/kostas/Library/CloudStorage/OneDrive-Personal/Scala/todo/project/project/.metals/bsp.trace.json or /Users/kostas/Library/Caches/org.scalameta.metals/bsp.trace.json
2022.03.03 10:08:54 INFO  tracing is disabled for protocol BSP, to enable tracing of incoming and outgoing JSON messages create an empty file at /Users/kostas/Library/CloudStorage/OneDrive-Personal/Scala/todo/project/.metals/bsp.trace.json or /Users/kostas/Library/Caches/org.scalameta.metals/bsp.trace.json
2022.03.03 10:08:55 INFO  time: Connected to build server in 1.18s
2022.03.03 10:08:55 INFO  Connected to Build server: Bloop v1.4.12
2022.03.03 10:08:54 INFO  time: Imported build in 0.33s
Mar 03, 2022 10:08:55 AM org.eclipse.lsp4j.jsonrpc.RemoteEndpoint handleCancellation
WARNING: Unmatched cancel notification for request id 1
2022.03.03 10:09:05 INFO  shutting down Metals
2022.03.03 10:09:05 INFO  Shut down connection with build server.
2022.03.03 10:09:05 INFO  Shut down connection with build server.
2022.03.03 10:09:05 INFO  Shut down connection with build server.
2022.03.03 10:09:48 INFO  tracing is disabled for protocol LSP, to enable tracing of incoming and outgoing JSON messages create an empty file at /Users/kostas/Library/CloudStorage/OneDrive-Personal/Scala/todo/.metals/lsp.trace.json or /Users/kostas/Library/Caches/org.scalameta.metals/lsp.trace.json
2022.03.03 10:09:49 INFO  logging to file /Users/kostas/Library/CloudStorage/OneDrive-Personal/Scala/todo/.metals/metals.log
2022.03.03 10:09:49 INFO  Started: Metals version 0.11.1 in workspace '/Users/kostas/Library/CloudStorage/OneDrive-Personal/Scala/todo' for client Visual Studio Code 1.64.2.
2022.03.03 10:10:32 INFO  tracing is disabled for protocol LSP, to enable tracing of incoming and outgoing JSON messages create an empty file at /Users/kostas/Library/CloudStorage/OneDrive-Personal/Scala/todo/.metals/lsp.trace.json or /Users/kostas/Library/Caches/org.scalameta.metals/lsp.trace.json
2022.03.03 10:10:33 INFO  logging to file /Users/kostas/Library/CloudStorage/OneDrive-Personal/Scala/todo/.metals/metals.log
2022.03.03 10:10:33 INFO  Started: Metals version 0.11.1 in workspace '/Users/kostas/Library/CloudStorage/OneDrive-Personal/Scala/todo' for client Visual Studio Code 1.64.2.
2022.03.03 10:10:33 INFO  Parse release: 1.8.0_292
2022.03.03 10:10:34 INFO  time: initialize in 1.65s
2022.03.03 10:10:35 INFO  Attempting to connect to the build server...
2022.03.03 10:10:36 INFO  skipping build import with status 'Installed'
2022.03.03 10:10:36 INFO  tracing is disabled for protocol BSP, to enable tracing of incoming and outgoing JSON messages create an empty file at /Users/kostas/Library/CloudStorage/OneDrive-Personal/Scala/todo/.metals/bsp.trace.json or /Users/kostas/Library/Caches/org.scalameta.metals/bsp.trace.json
2022.03.03 10:10:36 INFO  Attempting to connect to the build server...
2022.03.03 10:10:36 INFO  Attempting to connect to the build server...
2022.03.03 10:10:36 INFO  tracing is disabled for protocol BSP, to enable tracing of incoming and outgoing JSON messages create an empty file at /Users/kostas/Library/CloudStorage/OneDrive-Personal/Scala/todo/project/project/.metals/bsp.trace.json or /Users/kostas/Library/Caches/org.scalameta.metals/bsp.trace.json
2022.03.03 10:10:36 INFO  tracing is disabled for protocol BSP, to enable tracing of incoming and outgoing JSON messages create an empty file at /Users/kostas/Library/CloudStorage/OneDrive-Personal/Scala/todo/project/.metals/bsp.trace.json or /Users/kostas/Library/Caches/org.scalameta.metals/bsp.trace.json
2022.03.03 10:10:36 INFO  time: Connected to build server in 1.1s
2022.03.03 10:10:36 INFO  Connected to Build server: Bloop v1.4.12
2022.03.03 10:10:37 INFO  time: Imported build in 0.38s
2022.03.03 10:10:49 INFO  time: indexed workspace in 12s
2022.03.03 10:10:50 INFO  compiling todo (15 scala sources)
2022.03.03 10:10:56 INFO  time: compiled todo in 6.89s
2022.03.03 10:10:56 INFO  compiling todo (15 scala sources)
2022.03.03 10:11:03 INFO  time: compiled todo in 5.79s
2022.03.03 10:18:19 INFO  shutting down Metals
2022.03.03 10:18:19 INFO  Shut down connection with build server.
2022.03.03 10:18:19 INFO  Shut down connection with build server.
2022.03.03 10:18:19 INFO  Shut down connection with build server.
2022.03.03 10:18:31 INFO  tracing is disabled for protocol LSP, to enable tracing of incoming and outgoing JSON messages create an empty file at /Users/kostas/Library/CloudStorage/OneDrive-Personal/Scala/todo/.metals/lsp.trace.json or /Users/kostas/Library/Caches/org.scalameta.metals/lsp.trace.json
2022.03.03 10:18:31 INFO  logging to file /Users/kostas/Library/CloudStorage/OneDrive-Personal/Scala/todo/.metals/metals.log
2022.03.03 10:18:31 INFO  Started: Metals version 0.11.1 in workspace '/Users/kostas/Library/CloudStorage/OneDrive-Personal/Scala/todo' for client Visual Studio Code 1.64.2.
2022.03.03 10:18:31 INFO  Parse release: 17.0.2
2022.03.03 10:18:33 INFO  time: initialize in 1.22s
2022.03.03 10:18:33 INFO  Attempting to connect to the build server...
2022.03.03 10:18:33 INFO  skipping build import with status 'Installed'
2022.03.03 10:18:33 INFO  tracing is disabled for protocol BSP, to enable tracing of incoming and outgoing JSON messages create an empty file at /Users/kostas/Library/CloudStorage/OneDrive-Personal/Scala/todo/.metals/bsp.trace.json or /Users/kostas/Library/Caches/org.scalameta.metals/bsp.trace.json
Mar 03, 2022 10:18:34 AM org.eclipse.lsp4j.jsonrpc.RemoteEndpoint handleCancellation
WARNING: Unmatched cancel notification for request id 1
2022.03.03 10:18:33 INFO  Attempting to connect to the build server...
2022.03.03 10:18:33 INFO  Attempting to connect to the build server...
2022.03.03 10:18:34 INFO  tracing is disabled for protocol BSP, to enable tracing of incoming and outgoing JSON messages create an empty file at /Users/kostas/Library/CloudStorage/OneDrive-Personal/Scala/todo/project/.metals/bsp.trace.json or /Users/kostas/Library/Caches/org.scalameta.metals/bsp.trace.json
2022.03.03 10:18:34 INFO  tracing is disabled for protocol BSP, to enable tracing of incoming and outgoing JSON messages create an empty file at /Users/kostas/Library/CloudStorage/OneDrive-Personal/Scala/todo/project/project/.metals/bsp.trace.json or /Users/kostas/Library/Caches/org.scalameta.metals/bsp.trace.json
2022.03.03 10:18:34 INFO  time: Connected to build server in 0.53s
2022.03.03 10:18:34 INFO  Connected to Build server: Bloop v1.4.12
2022.03.03 10:18:36 INFO  no build target found for /Users/kostas/Library/CloudStorage/OneDrive-Personal/Scala/todo/src/main/scala/todo/Main.scala. Using presentation compiler with project's scala-library version: 3.1.0
2022.03.03 10:18:36 INFO  time: code lens generation in 2.2s
2022.03.03 10:18:36 INFO  time: Imported build in 0.11s
2022.03.03 10:18:37 INFO  no build target found for /Users/kostas/Library/CloudStorage/OneDrive-Personal/Scala/todo/src/main/scala/todo/Main.scala. Using presentation compiler with project's scala-library version: 3.1.0
2022.03.03 10:18:37 INFO  time: code lens generation in 3.86s
2022.03.03 10:18:37 INFO  time: code lens generation in 3.85s
2022.03.03 10:18:37 INFO  time: code lens generation in 3.85s
2022.03.03 10:18:44 INFO  time: indexed workspace in 8.28s
2022.03.03 10:18:44 INFO  compiling todo (15 scala sources)
2022.03.03 10:18:49 INFO  time: compiled todo in 5.05s
2022.03.03 10:18:49 INFO  compiling todo (15 scala sources)
2022.03.03 10:18:55 INFO  time: compiled todo in 5.4s
